app/manifest-merger-release-report.txt
-- Merging decision tree log ---
manifest
ADDED from AndroidManifest.xml:2:1
	xmlns:android
		ADDED from AndroidManifest.xml:2:11
	package
		ADDED from AndroidManifest.xml:3:5
		INJECTED from AndroidManifest.xml:0:0
		INJECTED from AndroidManifest.xml:0:0
	android:versionName
		ADDED from AndroidManifest.xml:5:5
	android:versionCode
		ADDED from AndroidManifest.xml:4:5
		INJECTED from AndroidManifest.xml:0:0
		INJECTED from AndroidManifest.xml:0:0
uses-sdk
ADDED from AndroidManifest.xml:7:5
	android:targetSdkVersion
		INJECTED from AndroidManifest.xml:0:0
		INJECTED from AndroidManifest.xml:0:0
	android:minSdkVersion
		ADDED from AndroidManifest.xml:7:15
		INJECTED from AndroidManifest.xml:0:0
		INJECTED from AndroidManifest.xml:0:0
uses-permission#android.permission.INTERNET
ADDED from AndroidManifest.xml:8:5
	android:name
		ADDED from AndroidManifest.xml:8:22
uses-permission#android.permission.CAMERA
ADDED from AndroidManifest.xml:9:5
	android:name
		ADDED from AndroidManifest.xml:9:22
uses-permission#android.permission.ACCESS_NETWORK_STATE
ADDED from AndroidManifest.xml:10:5
	android:name
		ADDED from AndroidManifest.xml:10:22
uses-permission#android.permission.ACCESS_WIFI_STATE
ADDED from AndroidManifest.xml:11:5
	android:name
		ADDED from AndroidManifest.xml:11:22
application
ADDED from AndroidManifest.xml:13:5
	android:label
		ADDED from AndroidManifest.xml:15:9
	android:icon
		ADDED from AndroidManifest.xml:14:9
activity#com.tarrabme.Main
ADDED from AndroidManifest.xml:16:9
	android:screenOrientation
		ADDED from AndroidManifest.xml:19:13
	android:label
		ADDED from AndroidManifest.xml:18:13
	android:configChanges
		ADDED from AndroidManifest.xml:20:10
	android:name
		ADDED from AndroidManifest.xml:17:13
intent-filter#android.intent.action.MAIN+android.intent.category.LAUNCHER
ADDED from AndroidManifest.xml:21:13
action#android.intent.action.MAIN
ADDED from AndroidManifest.xml:22:17
	android:name
		ADDED from AndroidManifest.xml:22:25
category#android.intent.category.LAUNCHER
ADDED from AndroidManifest.xml:23:17
	android:name
		ADDED from AndroidManifest.xml:23:27
activity#com.tarrabme.User
ADDED from AndroidManifest.xml:26:9
	android:screenOrientation
		ADDED from AndroidManifest.xml:26:40
	android:noHistory
		ADDED from AndroidManifest.xml:26:113
	android:configChanges
		ADDED from AndroidManifest.xml:26:77
	android:name
		ADDED from AndroidManifest.xml:26:19
activity#com.tarrabme.Config
ADDED from AndroidManifest.xml:28:9
	android:screenOrientation
		ADDED from AndroidManifest.xml:28:42
	android:noHistory
		ADDED from AndroidManifest.xml:28:115
	android:configChanges
		ADDED from AndroidManifest.xml:28:79
	android:name
		ADDED from AndroidManifest.xml:28:19
activity#com.tarrabme.Login
ADDED from AndroidManifest.xml:30:9
	android:screenOrientation
		ADDED from AndroidManifest.xml:30:41
	android:noHistory
		ADDED from AndroidManifest.xml:30:114
	android:configChanges
		ADDED from AndroidManifest.xml:30:78
	android:name
		ADDED from AndroidManifest.xml:30:19
activity#com.tarrabme.zxing.client.android.CaptureActivity
ADDED from AndroidManifest.xml:32:9
	android:windowSoftInputMode
		ADDED from AndroidManifest.xml:38:18
	android:screenOrientation
		ADDED from AndroidManifest.xml:33:19
	android:configChanges
		ADDED from AndroidManifest.xml:36:18
	android:theme
		ADDED from AndroidManifest.xml:37:18
	android:stateNotNeeded
		ADDED from AndroidManifest.xml:35:18
	android:clearTaskOnLaunch
		ADDED from AndroidManifest.xml:34:18
	android:name
		ADDED from AndroidManifest.xml:32:19
	android:launchMode
		ADDED from AndroidManifest.xml:39:18
intent-filter#.zxing.client.android.SCAN+android.intent.category.DEFAULT
ADDED from AndroidManifest.xml:40:15
action#.zxing.client.android.SCAN
ADDED from AndroidManifest.xml:41:11
	android:name
		ADDED from AndroidManifest.xml:41:19
category#android.intent.category.DEFAULT
ADDED from AndroidManifest.xml:42:11
	android:name
		ADDED from AndroidManifest.xml:42:21
intent-filter#android.intent.action.VIEW+android.intent.category.BROWSABLE+android.intent.category.DEFAULT
ADDED from AndroidManifest.xml:45:9
action#android.intent.action.VIEW
ADDED from AndroidManifest.xml:46:11
	android:name
		ADDED from AndroidManifest.xml:46:19
category#android.intent.category.BROWSABLE
ADDED from AndroidManifest.xml:48:11
	android:name
		ADDED from AndroidManifest.xml:48:21
data
ADDED from AndroidManifest.xml:49:11
	android:host
		ADDED from AndroidManifest.xml:49:39
	android:path
		ADDED from AndroidManifest.xml:49:72
	android:scheme
		ADDED from AndroidManifest.xml:49:17
activity#com.tarrabme.zxing.client.android.PreferencesActivity
ADDED from AndroidManifest.xml:73:9
	android:label
		ADDED from AndroidManifest.xml:74:18
	android:stateNotNeeded
		ADDED from AndroidManifest.xml:75:18
	android:name
		ADDED from AndroidManifest.xml:73:19
activity#com.tarrabme.zxing.client.android.HelpActivity
ADDED from AndroidManifest.xml:77:6
	android:screenOrientation
		ADDED from AndroidManifest.xml:78:18
	android:name
		ADDED from AndroidManifest.xml:77:16
intent-filter#android.intent.action.VIEW+android.intent.category.DEFAULT
ADDED from AndroidManifest.xml:79:9